<?xml version="1.0" encoding="UTF-8" standalone="no"?>
<!DOCTYPE log SYSTEM "logger.dtd">
<log>
<record>
  <date>2023-06-15T12:48:07.339140400Z</date>
  <millis>1686833287339</millis>
  <nanos>140400</nanos>
  <sequence>0</sequence>
  <logger>ifmo.server.ServerLogger</logger>
  <level>INFO</level>
  <class>ifmo.server.UdpServer</class>
  <method>run</method>
  <thread>1</thread>
  <message>Starting server on port 2601</message>
</record>
<record>
  <date>2023-06-15T12:48:26.462225800Z</date>
  <millis>1686833306462</millis>
  <nanos>225800</nanos>
  <sequence>1</sequence>
  <logger>ifmo.server.ServerLogger</logger>
  <level>WARNING</level>
  <class>ifmo.server.UdpServer</class>
  <method>run</method>
  <thread>1</thread>
  <message>java.lang.ClassNotFoundException: commands.Command</message>
</record>
